<?xml version="1.0" encoding="UTF-8"?>
<testng-results ignored="0" total="1" passed="1" failed="0" skipped="0">
  <reporter-output>
  </reporter-output>
  <suite started-at="2023-07-14T08:54:33 IST" name="Default suite" finished-at="2023-07-14T08:54:35 IST" duration-ms="2308">
    <groups>
    </groups>
    <test started-at="2023-07-14T08:54:33 IST" name="Default test" finished-at="2023-07-14T08:54:35 IST" duration-ms="2308">
      <class name="session3.Log_Demo">
        <test-method signature="TestLogMethods()[pri:1, instance:session3.Log_Demo@66498326]" started-at="2023-07-14T08:54:33 IST" name="TestLogMethods" finished-at="2023-07-14T08:54:35 IST" duration-ms="2254" status="PASS">
          <reporter-output>
          </reporter-output>
        </test-method> <!-- TestLogMethods -->
      </class> <!-- session3.Log_Demo -->
    </test> <!-- Default test -->
  </suite> <!-- Default suite -->
</testng-results>
